Flow report for ALU8bit
Sun Feb 21 17:59:01 2010
Quartus II Version 9.1 Build 222 10/21/2009 SJ Web Edition


---------------------
; Table of Contents ;
---------------------
  1. Legal Notice
  2. Flow Summary
  3. Flow Settings
  4. Flow Non-Default Global Settings
  5. Flow Elapsed Time
  6. Flow OS Summary
  7. Flow Log



----------------
; Legal Notice ;
----------------
Copyright (C) 1991-2009 Altera Corporation
Your use of Altera Corporation's design tools, logic functions 
and other software and tools, and its AMPP partner logic 
functions, and any output files from any of the foregoing 
(including device programming or simulation files), and any 
associated documentation or information are expressly subject 
to the terms and conditions of the Altera Program License 
Subscription Agreement, Altera MegaCore Function License 
Agreement, or other applicable license agreement, including, 
without limitation, that your use is for the sole purpose of 
programming logic devices manufactured by Altera and sold by 
Altera or its authorized distributors.  Please refer to the 
applicable agreement for further details.



+------------------------------------------------------------------------------+
; Flow Summary                                                                 ;
+------------------------------------+-----------------------------------------+
; Flow Status                        ; Successful - Sun Feb 21 17:59:01 2010   ;
; Quartus II Version                 ; 9.1 Build 222 10/21/2009 SJ Web Edition ;
; Revision Name                      ; ALU8bit                                 ;
; Top-level Entity Name              ; ALU8bit                                 ;
; Family                             ; Cyclone II                              ;
; Met timing requirements            ; Yes                                     ;
; Total logic elements               ; 37 / 4,608 ( < 1 % )                    ;
;     Total combinational functions  ; 37 / 4,608 ( < 1 % )                    ;
;     Dedicated logic registers      ; 0 / 4,608 ( 0 % )                       ;
; Total registers                    ; 0                                       ;
; Total pins                         ; 29 / 89 ( 33 % )                        ;
; Total virtual pins                 ; 0                                       ;
; Total memory bits                  ; 0 / 119,808 ( 0 % )                     ;
; Embedded Multiplier 9-bit elements ; 0 / 26 ( 0 % )                          ;
; Total PLLs                         ; 0 / 2 ( 0 % )                           ;
; Device                             ; EP2C5T144C6                             ;
; Timing Models                      ; Final                                   ;
+------------------------------------+-----------------------------------------+


+-----------------------------------------+
; Flow Settings                           ;
+-------------------+---------------------+
; Option            ; Setting             ;
+-------------------+---------------------+
; Start date & time ; 02/21/2010 17:58:40 ;
; Main task         ; Compilation         ;
; Revision Name     ; ALU8bit             ;
+-------------------+---------------------+


+-------------------------------------------------------------------------------------------------------------------+
; Flow Non-Default Global Settings                                                                                  ;
+------------------------------------+-------------------------------+---------------+-------------+----------------+
; Assignment Name                    ; Value                         ; Default Value ; Entity Name ; Section Id     ;
+------------------------------------+-------------------------------+---------------+-------------+----------------+
; COMPILER_SIGNATURE_ID              ; 1096843461514.126679312003264 ; --            ; --          ; --             ;
; EDA_OUTPUT_DATA_FORMAT             ; Verilog Hdl                   ; --            ; --          ; eda_simulation ;
; EDA_SIMULATION_TOOL                ; ModelSim-Altera (Verilog)     ; <None>        ; --          ; --             ;
; EDA_TIME_SCALE                     ; 1 ps                          ; --            ; --          ; eda_simulation ;
; PARTITION_COLOR                    ; 16764057                      ; --            ; --          ; Top            ;
; PARTITION_NETLIST_TYPE             ; SOURCE                        ; --            ; --          ; Top            ;
; USE_GENERATED_PHYSICAL_CONSTRAINTS ; Off                           ; --            ; --          ; eda_blast_fpga ;
+------------------------------------+-------------------------------+---------------+-------------+----------------+


+-----------------------------------------------------------------------------------------------------------------------------+
; Flow Elapsed Time                                                                                                           ;
+-------------------------+--------------+-------------------------+---------------------+------------------------------------+
; Module Name             ; Elapsed Time ; Average Processors Used ; Peak Virtual Memory ; Total CPU Time (on all processors) ;
+-------------------------+--------------+-------------------------+---------------------+------------------------------------+
; Analysis & Synthesis    ; 00:00:02     ; 1.0                     ; 159 MB              ; 00:00:01                           ;
; Fitter                  ; 00:00:07     ; 1.0                     ; 165 MB              ; 00:00:02                           ;
; Assembler               ; 00:00:01     ; 1.0                     ; 150 MB              ; 00:00:01                           ;
; Classic Timing Analyzer ; 00:00:00     ; 1.0                     ; 112 MB              ; 00:00:00                           ;
; EDA Netlist Writer      ; 00:00:01     ; 1.0                     ; 125 MB              ; 00:00:01                           ;
; Total                   ; 00:00:11     ; --                      ; --                  ; 00:00:05                           ;
+-------------------------+--------------+-------------------------+---------------------+------------------------------------+


+---------------------------------------------------------------------------------------+
; Flow OS Summary                                                                       ;
+-------------------------+------------------+------------+------------+----------------+
; Module Name             ; Machine Hostname ; OS Name    ; OS Version ; Processor type ;
+-------------------------+------------------+------------+------------+----------------+
; Analysis & Synthesis    ; gldlaa947630     ; Windows XP ; 5.1        ; i686           ;
; Fitter                  ; gldlaa947630     ; Windows XP ; 5.1        ; i686           ;
; Assembler               ; gldlaa947630     ; Windows XP ; 5.1        ; i686           ;
; Classic Timing Analyzer ; gldlaa947630     ; Windows XP ; 5.1        ; i686           ;
; EDA Netlist Writer      ; gldlaa947630     ; Windows XP ; 5.1        ; i686           ;
+-------------------------+------------------+------------+------------+----------------+


------------
; Flow Log ;
------------
quartus_map --read_settings_files=on --write_settings_files=off ALU8bit -c ALU8bit
quartus_fit --read_settings_files=off --write_settings_files=off ALU8bit -c ALU8bit
quartus_asm --read_settings_files=off --write_settings_files=off ALU8bit -c ALU8bit
quartus_tan --read_settings_files=off --write_settings_files=off ALU8bit -c ALU8bit --timing_analysis_only
quartus_eda --read_settings_files=off --write_settings_files=off ALU8bit -c ALU8bit



