Analysis & Synthesis report for MaxValStaticRAM
Sun Mar 21 22:17:33 2010
Quartus II Version 9.1 Build 222 10/21/2009 SJ Web Edition


---------------------
; Table of Contents ;
---------------------
  1. Legal Notice
  2. Analysis & Synthesis Summary
  3. Analysis & Synthesis Settings
  4. Parallel Compilation
  5. Analysis & Synthesis Source Files Read
  6. Analysis & Synthesis Resource Usage Summary
  7. Analysis & Synthesis Resource Utilization by Entity
  8. Analysis & Synthesis RAM Summary
  9. Registers Removed During Synthesis
 10. General Register Statistics
 11. Inverted Register Statistics
 12. Multiplexer Restructuring Statistics (Restructuring Performed)
 13. Source assignments for lpm_ram_dp0:inst|altsyncram:altsyncram_component|altsyncram_e3v1:auto_generated
 14. Parameter Settings for User Entity Instance: lpm_ram_dp0:inst|altsyncram:altsyncram_component
 15. Parameter Settings for User Entity Instance: BUSMUX:inst4
 16. altsyncram Parameter Settings by Entity Instance
 17. Analysis & Synthesis Messages
 18. Analysis & Synthesis Suppressed Messages



----------------
; Legal Notice ;
----------------
Copyright (C) 1991-2009 Altera Corporation
Your use of Altera Corporation's design tools, logic functions 
and other software and tools, and its AMPP partner logic 
functions, and any output files from any of the foregoing 
(including device programming or simulation files), and any 
associated documentation or information are expressly subject 
to the terms and conditions of the Altera Program License 
Subscription Agreement, Altera MegaCore Function License 
Agreement, or other applicable license agreement, including, 
without limitation, that your use is for the sole purpose of 
programming logic devices manufactured by Altera and sold by 
Altera or its authorized distributors.  Please refer to the 
applicable agreement for further details.



+------------------------------------------------------------------------------+
; Analysis & Synthesis Summary                                                 ;
+------------------------------------+-----------------------------------------+
; Analysis & Synthesis Status        ; Successful - Sun Mar 21 22:17:33 2010   ;
; Quartus II Version                 ; 9.1 Build 222 10/21/2009 SJ Web Edition ;
; Revision Name                      ; MaxValStaticRAM                         ;
; Top-level Entity Name              ; MaxValStaticRAM                         ;
; Family                             ; Cyclone II                              ;
; Total logic elements               ; 64                                      ;
;     Total combinational functions  ; 64                                      ;
;     Dedicated logic registers      ; 28                                      ;
; Total registers                    ; 28                                      ;
; Total pins                         ; 39                                      ;
; Total virtual pins                 ; 0                                       ;
; Total memory bits                  ; 8,192                                   ;
; Embedded Multiplier 9-bit elements ; 0                                       ;
; Total PLLs                         ; 0                                       ;
+------------------------------------+-----------------------------------------+


+----------------------------------------------------------------------------------------------------------------------+
; Analysis & Synthesis Settings                                                                                        ;
+----------------------------------------------------------------------------+--------------------+--------------------+
; Option                                                                     ; Setting            ; Default Value      ;
+----------------------------------------------------------------------------+--------------------+--------------------+
; Device                                                                     ; EP2C35F672C6       ;                    ;
; Top-level entity name                                                      ; MaxValStaticRAM    ; MaxValStaticRAM    ;
; Family name                                                                ; Cyclone II         ; Stratix II         ;
; Type of Retiming Performed During Resynthesis                              ; Full               ;                    ;
; Resynthesis Optimization Effort                                            ; Normal             ;                    ;
; Physical Synthesis Level for Resynthesis                                   ; Normal             ;                    ;
; Use Generated Physical Constraints File                                    ; On                 ;                    ;
; Use smart compilation                                                      ; Off                ; Off                ;
; Enable parallel Assembler and TimeQuest Timing Analyzer during compilation ; On                 ; On                 ;
; Enable compact report table                                                ; Off                ; Off                ;
; Restructure Multiplexers                                                   ; Auto               ; Auto               ;
; Create Debugging Nodes for IP Cores                                        ; Off                ; Off                ;
; Preserve fewer node names                                                  ; On                 ; On                 ;
; Disable OpenCore Plus hardware evaluation                                  ; Off                ; Off                ;
; Verilog Version                                                            ; Verilog_2001       ; Verilog_2001       ;
; VHDL Version                                                               ; VHDL_1993          ; VHDL_1993          ;
; State Machine Processing                                                   ; Auto               ; Auto               ;
; Safe State Machine                                                         ; Off                ; Off                ;
; Extract Verilog State Machines                                             ; On                 ; On                 ;
; Extract VHDL State Machines                                                ; On                 ; On                 ;
; Ignore Verilog initial constructs                                          ; Off                ; Off                ;
; Iteration limit for constant Verilog loops                                 ; 5000               ; 5000               ;
; Iteration limit for non-constant Verilog loops                             ; 250                ; 250                ;
; Add Pass-Through Logic to Inferred RAMs                                    ; On                 ; On                 ;
; Parallel Synthesis                                                         ; On                 ; On                 ;
; DSP Block Balancing                                                        ; Auto               ; Auto               ;
; NOT Gate Push-Back                                                         ; On                 ; On                 ;
; Power-Up Don't Care                                                        ; On                 ; On                 ;
; Remove Redundant Logic Cells                                               ; Off                ; Off                ;
; Remove Duplicate Registers                                                 ; On                 ; On                 ;
; Ignore CARRY Buffers                                                       ; Off                ; Off                ;
; Ignore CASCADE Buffers                                                     ; Off                ; Off                ;
; Ignore GLOBAL Buffers                                                      ; Off                ; Off                ;
; Ignore ROW GLOBAL Buffers                                                  ; Off                ; Off                ;
; Ignore LCELL Buffers                                                       ; Off                ; Off                ;
; Ignore SOFT Buffers                                                        ; On                 ; On                 ;
; Limit AHDL Integers to 32 Bits                                             ; Off                ; Off                ;
; Optimization Technique                                                     ; Balanced           ; Balanced           ;
; Carry Chain Length                                                         ; 70                 ; 70                 ;
; Auto Carry Chains                                                          ; On                 ; On                 ;
; Auto Open-Drain Pins                                                       ; On                 ; On                 ;
; Perform WYSIWYG Primitive Resynthesis                                      ; Off                ; Off                ;
; Auto ROM Replacement                                                       ; On                 ; On                 ;
; Auto RAM Replacement                                                       ; On                 ; On                 ;
; Auto Shift Register Replacement                                            ; Auto               ; Auto               ;
; Auto Clock Enable Replacement                                              ; On                 ; On                 ;
; Strict RAM Replacement                                                     ; Off                ; Off                ;
; Allow Synchronous Control Signals                                          ; On                 ; On                 ;
; Force Use of Synchronous Clear Signals                                     ; Off                ; Off                ;
; Auto RAM to Logic Cell Conversion                                          ; Off                ; Off                ;
; Auto Resource Sharing                                                      ; Off                ; Off                ;
; Allow Any RAM Size For Recognition                                         ; Off                ; Off                ;
; Allow Any ROM Size For Recognition                                         ; Off                ; Off                ;
; Allow Any Shift Register Size For Recognition                              ; Off                ; Off                ;
; Use LogicLock Constraints during Resource Balancing                        ; On                 ; On                 ;
; Ignore translate_off and synthesis_off directives                          ; Off                ; Off                ;
; Timing-Driven Synthesis                                                    ; Off                ; Off                ;
; Show Parameter Settings Tables in Synthesis Report                         ; On                 ; On                 ;
; Ignore Maximum Fan-Out Assignments                                         ; Off                ; Off                ;
; Synchronization Register Chain Length                                      ; 2                  ; 2                  ;
; PowerPlay Power Optimization                                               ; Normal compilation ; Normal compilation ;
; HDL message level                                                          ; Level2             ; Level2             ;
; Suppress Register Optimization Related Messages                            ; Off                ; Off                ;
; Number of Removed Registers Reported in Synthesis Report                   ; 100                ; 100                ;
; Number of Inverted Registers Reported in Synthesis Report                  ; 100                ; 100                ;
; Clock MUX Protection                                                       ; On                 ; On                 ;
; Auto Gated Clock Conversion                                                ; Off                ; Off                ;
; Block Design Naming                                                        ; Auto               ; Auto               ;
; SDC constraint protection                                                  ; Off                ; Off                ;
; Synthesis Effort                                                           ; Auto               ; Auto               ;
; Shift Register Replacement - Allow Asynchronous Clear Signal               ; On                 ; On                 ;
; Analysis & Synthesis Message Level                                         ; Medium             ; Medium             ;
; Disable Register Merging Across Hierarchies                                ; Auto               ; Auto               ;
; Resource Aware Inference For Block RAM                                     ; On                 ; On                 ;
+----------------------------------------------------------------------------+--------------------+--------------------+


Parallel compilation was disabled, but you have multiple processors available. Enable parallel compilation to reduce compilation time.
+-------------------------------------+
; Parallel Compilation                ;
+----------------------------+--------+
; Processors                 ; Number ;
+----------------------------+--------+
; Number detected on machine ; 2      ;
; Maximum allowed            ; 1      ;
+----------------------------+--------+


+--------------------------------------------------------------------------------------------------------------------------------------------------------------------------------------------------------------------------------------------+
; Analysis & Synthesis Source Files Read                                                                                                                                                                                                     ;
+----------------------------------+-----------------+------------------------------------+--------------------------------------------------------------------------------------------------------------------------------------------------+
; File Name with User-Entered Path ; Used in Netlist ; File Type                          ; File Name with Absolute Path                                                                                                                     ;
+----------------------------------+-----------------+------------------------------------+--------------------------------------------------------------------------------------------------------------------------------------------------+
; MaxValStaticRAM.mif              ; yes             ; User Memory Initialization File    ; C:/Documents and Settings/carlos.lazo/Desktop/ELDP/UNIV/Classes/ECE 574 - Verilog Modeling and Synthesis/Homework/HW5/Pt3/MaxValStaticRAM.mif    ;
; maxMemValue.v                    ; yes             ; User Verilog HDL File              ; C:/Documents and Settings/carlos.lazo/Desktop/ELDP/UNIV/Classes/ECE 574 - Verilog Modeling and Synthesis/Homework/HW5/Pt3/maxMemValue.v          ;
; lpm_ram_dp0.v                    ; yes             ; User Wizard-Generated File         ; C:/Documents and Settings/carlos.lazo/Desktop/ELDP/UNIV/Classes/ECE 574 - Verilog Modeling and Synthesis/Homework/HW5/Pt3/lpm_ram_dp0.v          ;
; MaxValStaticRAM.bdf              ; yes             ; User Block Diagram/Schematic File  ; C:/Documents and Settings/carlos.lazo/Desktop/ELDP/UNIV/Classes/ECE 574 - Verilog Modeling and Synthesis/Homework/HW5/Pt3/MaxValStaticRAM.bdf    ;
; altsyncram.tdf                   ; yes             ; Megafunction                       ; c:/altera/91/quartus/libraries/megafunctions/altsyncram.tdf                                                                                      ;
; db/altsyncram_e3v1.tdf           ; yes             ; Auto-Generated Megafunction        ; C:/Documents and Settings/carlos.lazo/Desktop/ELDP/UNIV/Classes/ECE 574 - Verilog Modeling and Synthesis/Homework/HW5/Pt3/db/altsyncram_e3v1.tdf ;
; busmux.tdf                       ; yes             ; Megafunction                       ; c:/altera/91/quartus/libraries/megafunctions/busmux.tdf                                                                                          ;
; lpm_mux.tdf                      ; yes             ; Megafunction                       ; c:/altera/91/quartus/libraries/megafunctions/lpm_mux.tdf                                                                                         ;
; db/mux_5oc.tdf                   ; yes             ; Auto-Generated Megafunction        ; C:/Documents and Settings/carlos.lazo/Desktop/ELDP/UNIV/Classes/ECE 574 - Verilog Modeling and Synthesis/Homework/HW5/Pt3/db/mux_5oc.tdf         ;
+----------------------------------+-----------------+------------------------------------+--------------------------------------------------------------------------------------------------------------------------------------------------+


+-----------------------------------------------------+
; Analysis & Synthesis Resource Usage Summary         ;
+---------------------------------------------+-------+
; Resource                                    ; Usage ;
+---------------------------------------------+-------+
; Estimated Total logic elements              ; 64    ;
;                                             ;       ;
; Total combinational functions               ; 64    ;
; Logic element usage by number of LUT inputs ;       ;
;     -- 4 input functions                    ; 22    ;
;     -- 3 input functions                    ; 28    ;
;     -- <=2 input functions                  ; 14    ;
;                                             ;       ;
; Logic elements by mode                      ;       ;
;     -- normal mode                          ; 40    ;
;     -- arithmetic mode                      ; 24    ;
;                                             ;       ;
; Total registers                             ; 28    ;
;     -- Dedicated logic registers            ; 28    ;
;     -- I/O registers                        ; 0     ;
;                                             ;       ;
; I/O pins                                    ; 39    ;
; Total memory bits                           ; 8192  ;
; Maximum fan-out node                        ; clk   ;
; Maximum fan-out                             ; 36    ;
; Total fan-out                               ; 503   ;
; Average fan-out                             ; 3.62  ;
+---------------------------------------------+-------+


+-------------------------------------------------------------------------------------------------------------------------------------------------------------------------------------------------------------------------------------------------------------------------+
; Analysis & Synthesis Resource Utilization by Entity                                                                                                                                                                                                                     ;
+-------------------------------------------+-------------------+--------------+-------------+--------------+---------+-----------+------+--------------+--------------------------------------------------------------------------------------------------+--------------+
; Compilation Hierarchy Node                ; LC Combinationals ; LC Registers ; Memory Bits ; DSP Elements ; DSP 9x9 ; DSP 18x18 ; Pins ; Virtual Pins ; Full Hierarchy Name                                                                              ; Library Name ;
+-------------------------------------------+-------------------+--------------+-------------+--------------+---------+-----------+------+--------------+--------------------------------------------------------------------------------------------------+--------------+
; |MaxValStaticRAM                          ; 64 (1)            ; 28 (0)       ; 8192        ; 0            ; 0       ; 0         ; 39   ; 0            ; |MaxValStaticRAM                                                                                 ; work         ;
;    |busmux:inst4|                         ; 10 (0)            ; 0 (0)        ; 0           ; 0            ; 0       ; 0         ; 0    ; 0            ; |MaxValStaticRAM|busmux:inst4                                                                    ;              ;
;       |lpm_mux:$00000|                    ; 10 (0)            ; 0 (0)        ; 0           ; 0            ; 0       ; 0         ; 0    ; 0            ; |MaxValStaticRAM|busmux:inst4|lpm_mux:$00000                                                     ;              ;
;          |mux_5oc:auto_generated|         ; 10 (10)           ; 0 (0)        ; 0           ; 0            ; 0       ; 0         ; 0    ; 0            ; |MaxValStaticRAM|busmux:inst4|lpm_mux:$00000|mux_5oc:auto_generated                              ;              ;
;    |lpm_ram_dp0:inst|                     ; 0 (0)             ; 0 (0)        ; 8192        ; 0            ; 0       ; 0         ; 0    ; 0            ; |MaxValStaticRAM|lpm_ram_dp0:inst                                                                ;              ;
;       |altsyncram:altsyncram_component|   ; 0 (0)             ; 0 (0)        ; 8192        ; 0            ; 0       ; 0         ; 0    ; 0            ; |MaxValStaticRAM|lpm_ram_dp0:inst|altsyncram:altsyncram_component                                ;              ;
;          |altsyncram_e3v1:auto_generated| ; 0 (0)             ; 0 (0)        ; 8192        ; 0            ; 0       ; 0         ; 0    ; 0            ; |MaxValStaticRAM|lpm_ram_dp0:inst|altsyncram:altsyncram_component|altsyncram_e3v1:auto_generated ;              ;
;    |maxMemValue:inst2|                    ; 53 (53)           ; 28 (28)      ; 0           ; 0            ; 0       ; 0         ; 0    ; 0            ; |MaxValStaticRAM|maxMemValue:inst2                                                               ;              ;
+-------------------------------------------+-------------------+--------------+-------------+--------------+---------+-----------+------+--------------+--------------------------------------------------------------------------------------------------+--------------+
Note: For table entries with two numbers listed, the numbers in parentheses indicate the number of resources of the given type used by the specific entity alone. The numbers listed outside of parentheses indicate the total resources of the given type used by the specific entity and all of its sub-entities in the hierarchy.


+---------------------------------------------------------------------------------------------------------------------------------------------------------------------------------------------------------------+
; Analysis & Synthesis RAM Summary                                                                                                                                                                              ;
+--------------------------------------------------------------------------------------------+------+------------------+--------------+--------------+--------------+--------------+------+---------------------+
; Name                                                                                       ; Type ; Mode             ; Port A Depth ; Port A Width ; Port B Depth ; Port B Width ; Size ; MIF                 ;
+--------------------------------------------------------------------------------------------+------+------------------+--------------+--------------+--------------+--------------+------+---------------------+
; lpm_ram_dp0:inst|altsyncram:altsyncram_component|altsyncram_e3v1:auto_generated|ALTSYNCRAM ; AUTO ; Simple Dual Port ; 1024         ; 8            ; 1024         ; 8            ; 8192 ; MaxValStaticRAM.mif ;
+--------------------------------------------------------------------------------------------+------+------------------+--------------+--------------+--------------+--------------+------+---------------------+


+---------------------------------------------------------------------------------+
; Registers Removed During Synthesis                                              ;
+----------------------------------------+----------------------------------------+
; Register name                          ; Reason for Removal                     ;
+----------------------------------------+----------------------------------------+
; maxMemValue:inst2|EN[2..31]            ; Merged with maxMemValue:inst2|EN[1]    ;
; maxMemValue:inst2|EN[1]                ; Stuck at GND due to stuck port data_in ;
; Total Number of Removed Registers = 31 ;                                        ;
+----------------------------------------+----------------------------------------+


+------------------------------------------------------+
; General Register Statistics                          ;
+----------------------------------------------+-------+
; Statistic                                    ; Value ;
+----------------------------------------------+-------+
; Total registers                              ; 28    ;
; Number of registers using Synchronous Clear  ; 10    ;
; Number of registers using Synchronous Load   ; 8     ;
; Number of registers using Asynchronous Clear ; 0     ;
; Number of registers using Asynchronous Load  ; 0     ;
; Number of registers using Clock Enable       ; 15    ;
; Number of registers using Preset             ; 0     ;
+----------------------------------------------+-------+


+--------------------------------------------------+
; Inverted Register Statistics                     ;
+----------------------------------------+---------+
; Inverted Register                      ; Fan out ;
+----------------------------------------+---------+
; maxMemValue:inst2|ready                ; 13      ;
; Total number of inverted registers = 1 ;         ;
+----------------------------------------+---------+


+------------------------------------------------------------------------------------------------------------------------------------------------------------+
; Multiplexer Restructuring Statistics (Restructuring Performed)                                                                                             ;
+--------------------+-----------+---------------+----------------------+------------------------+------------+----------------------------------------------+
; Multiplexer Inputs ; Bus Width ; Baseline Area ; Area if Restructured ; Saving if Restructured ; Registered ; Example Multiplexer Output                   ;
+--------------------+-----------+---------------+----------------------+------------------------+------------+----------------------------------------------+
; 4:1                ; 7 bits    ; 14 LEs        ; 14 LEs               ; 0 LEs                  ; Yes        ; |MaxValStaticRAM|maxMemValue:inst2|maxVal[6] ;
+--------------------+-----------+---------------+----------------------+------------------------+------------+----------------------------------------------+


+--------------------------------------------------------------------------------------------------------+
; Source assignments for lpm_ram_dp0:inst|altsyncram:altsyncram_component|altsyncram_e3v1:auto_generated ;
+---------------------------------+--------------------+------+------------------------------------------+
; Assignment                      ; Value              ; From ; To                                       ;
+---------------------------------+--------------------+------+------------------------------------------+
; OPTIMIZE_POWER_DURING_SYNTHESIS ; NORMAL_COMPILATION ; -    ; -                                        ;
+---------------------------------+--------------------+------+------------------------------------------+


+-----------------------------------------------------------------------------------------------+
; Parameter Settings for User Entity Instance: lpm_ram_dp0:inst|altsyncram:altsyncram_component ;
+------------------------------------+----------------------+-----------------------------------+
; Parameter Name                     ; Value                ; Type                              ;
+------------------------------------+----------------------+-----------------------------------+
; BYTE_SIZE_BLOCK                    ; 8                    ; Untyped                           ;
; AUTO_CARRY_CHAINS                  ; ON                   ; AUTO_CARRY                        ;
; IGNORE_CARRY_BUFFERS               ; OFF                  ; IGNORE_CARRY                      ;
; AUTO_CASCADE_CHAINS                ; ON                   ; AUTO_CASCADE                      ;
; IGNORE_CASCADE_BUFFERS             ; OFF                  ; IGNORE_CASCADE                    ;
; WIDTH_BYTEENA                      ; 1                    ; Untyped                           ;
; OPERATION_MODE                     ; DUAL_PORT            ; Untyped                           ;
; WIDTH_A                            ; 8                    ; Signed Integer                    ;
; WIDTHAD_A                          ; 10                   ; Signed Integer                    ;
; NUMWORDS_A                         ; 1024                 ; Signed Integer                    ;
; OUTDATA_REG_A                      ; UNREGISTERED         ; Untyped                           ;
; ADDRESS_ACLR_A                     ; NONE                 ; Untyped                           ;
; OUTDATA_ACLR_A                     ; NONE                 ; Untyped                           ;
; WRCONTROL_ACLR_A                   ; NONE                 ; Untyped                           ;
; INDATA_ACLR_A                      ; NONE                 ; Untyped                           ;
; BYTEENA_ACLR_A                     ; NONE                 ; Untyped                           ;
; WIDTH_B                            ; 8                    ; Signed Integer                    ;
; WIDTHAD_B                          ; 10                   ; Signed Integer                    ;
; NUMWORDS_B                         ; 1024                 ; Signed Integer                    ;
; INDATA_REG_B                       ; CLOCK1               ; Untyped                           ;
; WRCONTROL_WRADDRESS_REG_B          ; CLOCK1               ; Untyped                           ;
; RDCONTROL_REG_B                    ; CLOCK0               ; Untyped                           ;
; ADDRESS_REG_B                      ; CLOCK0               ; Untyped                           ;
; OUTDATA_REG_B                      ; UNREGISTERED         ; Untyped                           ;
; BYTEENA_REG_B                      ; CLOCK1               ; Untyped                           ;
; INDATA_ACLR_B                      ; NONE                 ; Untyped                           ;
; WRCONTROL_ACLR_B                   ; NONE                 ; Untyped                           ;
; ADDRESS_ACLR_B                     ; NONE                 ; Untyped                           ;
; OUTDATA_ACLR_B                     ; NONE                 ; Untyped                           ;
; RDCONTROL_ACLR_B                   ; NONE                 ; Untyped                           ;
; BYTEENA_ACLR_B                     ; NONE                 ; Untyped                           ;
; WIDTH_BYTEENA_A                    ; 1                    ; Signed Integer                    ;
; WIDTH_BYTEENA_B                    ; 1                    ; Untyped                           ;
; RAM_BLOCK_TYPE                     ; AUTO                 ; Untyped                           ;
; BYTE_SIZE                          ; 8                    ; Untyped                           ;
; READ_DURING_WRITE_MODE_MIXED_PORTS ; DONT_CARE            ; Untyped                           ;
; READ_DURING_WRITE_MODE_PORT_A      ; NEW_DATA_NO_NBE_READ ; Untyped                           ;
; READ_DURING_WRITE_MODE_PORT_B      ; NEW_DATA_NO_NBE_READ ; Untyped                           ;
; INIT_FILE                          ; MaxValStaticRAM.mif  ; Untyped                           ;
; INIT_FILE_LAYOUT                   ; PORT_A               ; Untyped                           ;
; MAXIMUM_DEPTH                      ; 0                    ; Untyped                           ;
; CLOCK_ENABLE_INPUT_A               ; BYPASS               ; Untyped                           ;
; CLOCK_ENABLE_INPUT_B               ; BYPASS               ; Untyped                           ;
; CLOCK_ENABLE_OUTPUT_A              ; BYPASS               ; Untyped                           ;
; CLOCK_ENABLE_OUTPUT_B              ; BYPASS               ; Untyped                           ;
; CLOCK_ENABLE_CORE_A                ; USE_INPUT_CLKEN      ; Untyped                           ;
; CLOCK_ENABLE_CORE_B                ; USE_INPUT_CLKEN      ; Untyped                           ;
; ENABLE_ECC                         ; FALSE                ; Untyped                           ;
; DEVICE_FAMILY                      ; Cyclone II           ; Untyped                           ;
; CBXI_PARAMETER                     ; altsyncram_e3v1      ; Untyped                           ;
+------------------------------------+----------------------+-----------------------------------+
Note: In order to hide this table in the UI and the text report file, please set the "Show Parameter Settings Tables in Synthesis Report" option in "Analysis and Synthesis Settings -> More Settings" to "Off".


+-----------------------------------------------------------+
; Parameter Settings for User Entity Instance: BUSMUX:inst4 ;
+----------------+-------+----------------------------------+
; Parameter Name ; Value ; Type                             ;
+----------------+-------+----------------------------------+
; WIDTH          ; 10    ; Untyped                          ;
+----------------+-------+----------------------------------+
Note: In order to hide this table in the UI and the text report file, please set the "Show Parameter Settings Tables in Synthesis Report" option in "Analysis and Synthesis Settings -> More Settings" to "Off".


+----------------------------------------------------------------------------------------------+
; altsyncram Parameter Settings by Entity Instance                                             ;
+-------------------------------------------+--------------------------------------------------+
; Name                                      ; Value                                            ;
+-------------------------------------------+--------------------------------------------------+
; Number of entity instances                ; 1                                                ;
; Entity Instance                           ; lpm_ram_dp0:inst|altsyncram:altsyncram_component ;
;     -- OPERATION_MODE                     ; DUAL_PORT                                        ;
;     -- WIDTH_A                            ; 8                                                ;
;     -- NUMWORDS_A                         ; 1024                                             ;
;     -- OUTDATA_REG_A                      ; UNREGISTERED                                     ;
;     -- WIDTH_B                            ; 8                                                ;
;     -- NUMWORDS_B                         ; 1024                                             ;
;     -- ADDRESS_REG_B                      ; CLOCK0                                           ;
;     -- OUTDATA_REG_B                      ; UNREGISTERED                                     ;
;     -- RAM_BLOCK_TYPE                     ; AUTO                                             ;
;     -- READ_DURING_WRITE_MODE_MIXED_PORTS ; DONT_CARE                                        ;
+-------------------------------------------+--------------------------------------------------+


+-------------------------------+
; Analysis & Synthesis Messages ;
+-------------------------------+
Info: *******************************************************************
Info: Running Quartus II Analysis & Synthesis
    Info: Version 9.1 Build 222 10/21/2009 SJ Web Edition
    Info: Processing started: Sun Mar 21 22:17:31 2010
Info: Command: quartus_map --read_settings_files=on --write_settings_files=off MaxValStaticRAM -c MaxValStaticRAM
Info: Found 1 design units, including 1 entities, in source file maxmemvalue.v
    Info: Found entity 1: maxMemValue
Info: Found 1 design units, including 1 entities, in source file lpm_ram_dp0.v
    Info: Found entity 1: lpm_ram_dp0
Info: Found 1 design units, including 1 entities, in source file maxvalstaticram.bdf
    Info: Found entity 1: MaxValStaticRAM
Info: Elaborating entity "MaxValStaticRAM" for the top level hierarchy
Warning: Block or symbol "NOT" of instance "inst19" overlaps another block or symbol
Info: Elaborating entity "maxMemValue" for hierarchy "maxMemValue:inst2"
Info: Elaborating entity "lpm_ram_dp0" for hierarchy "lpm_ram_dp0:inst"
Info: Elaborating entity "altsyncram" for hierarchy "lpm_ram_dp0:inst|altsyncram:altsyncram_component"
Info: Elaborated megafunction instantiation "lpm_ram_dp0:inst|altsyncram:altsyncram_component"
Info: Instantiated megafunction "lpm_ram_dp0:inst|altsyncram:altsyncram_component" with the following parameter:
    Info: Parameter "address_reg_b" = "CLOCK0"
    Info: Parameter "clock_enable_input_a" = "BYPASS"
    Info: Parameter "clock_enable_input_b" = "BYPASS"
    Info: Parameter "clock_enable_output_a" = "BYPASS"
    Info: Parameter "clock_enable_output_b" = "BYPASS"
    Info: Parameter "init_file" = "MaxValStaticRAM.mif"
    Info: Parameter "intended_device_family" = "Cyclone II"
    Info: Parameter "lpm_type" = "altsyncram"
    Info: Parameter "numwords_a" = "1024"
    Info: Parameter "numwords_b" = "1024"
    Info: Parameter "operation_mode" = "DUAL_PORT"
    Info: Parameter "outdata_aclr_b" = "NONE"
    Info: Parameter "outdata_reg_b" = "UNREGISTERED"
    Info: Parameter "power_up_uninitialized" = "FALSE"
    Info: Parameter "rdcontrol_reg_b" = "CLOCK0"
    Info: Parameter "read_during_write_mode_mixed_ports" = "DONT_CARE"
    Info: Parameter "widthad_a" = "10"
    Info: Parameter "widthad_b" = "10"
    Info: Parameter "width_a" = "8"
    Info: Parameter "width_b" = "8"
    Info: Parameter "width_byteena_a" = "1"
Info: Found 1 design units, including 1 entities, in source file db/altsyncram_e3v1.tdf
    Info: Found entity 1: altsyncram_e3v1
Info: Elaborating entity "altsyncram_e3v1" for hierarchy "lpm_ram_dp0:inst|altsyncram:altsyncram_component|altsyncram_e3v1:auto_generated"
Info: Elaborating entity "BUSMUX" for hierarchy "BUSMUX:inst4"
Info: Elaborated megafunction instantiation "BUSMUX:inst4"
Info: Instantiated megafunction "BUSMUX:inst4" with the following parameter:
    Info: Parameter "WIDTH" = "10"
Info: Elaborating entity "lpm_mux" for hierarchy "BUSMUX:inst4|lpm_mux:$00000"
Info: Elaborated megafunction instantiation "BUSMUX:inst4|lpm_mux:$00000", which is child of megafunction instantiation "BUSMUX:inst4"
Info: Found 1 design units, including 1 entities, in source file db/mux_5oc.tdf
    Info: Found entity 1: mux_5oc
Info: Elaborating entity "mux_5oc" for hierarchy "BUSMUX:inst4|lpm_mux:$00000|mux_5oc:auto_generated"
Info: Generated suppressed messages file C:/Documents and Settings/carlos.lazo/Desktop/ELDP/UNIV/Classes/ECE 574 - Verilog Modeling and Synthesis/Homework/HW5/Pt3/MaxValStaticRAM.map.smsg
Info: Implemented 111 device resources after synthesis - the final resource count might be different
    Info: Implemented 22 input pins
    Info: Implemented 17 output pins
    Info: Implemented 64 logic cells
    Info: Implemented 8 RAM segments
Info: Quartus II Analysis & Synthesis was successful. 0 errors, 1 warning
    Info: Peak virtual memory: 174 megabytes
    Info: Processing ended: Sun Mar 21 22:17:33 2010
    Info: Elapsed time: 00:00:02
    Info: Total CPU time (on all processors): 00:00:02


+------------------------------------------+
; Analysis & Synthesis Suppressed Messages ;
+------------------------------------------+
The suppressed messages can be found in C:/Documents and Settings/carlos.lazo/Desktop/ELDP/UNIV/Classes/ECE 574 - Verilog Modeling and Synthesis/Homework/HW5/Pt3/MaxValStaticRAM.map.smsg.


