Simulator report for StaticRAM
Sat Mar 20 10:46:36 2010
Quartus II Version 9.1 Build 222 10/21/2009 SJ Web Edition


---------------------
; Table of Contents ;
---------------------
  1. Legal Notice
  2. Simulator Summary
  3. Simulator Settings
  4. Simulation Waveforms
  5. |StaticRAM|lpm_ram_dp0:inst|altsyncram:altsyncram_component|altsyncram_5fu1:auto_generated|ALTSYNCRAM
  6. Coverage Summary
  7. Complete 1/0-Value Coverage
  8. Missing 1-Value Coverage
  9. Missing 0-Value Coverage
 10. Simulator INI Usage
 11. Simulator Messages



----------------
; Legal Notice ;
----------------
Copyright (C) 1991-2009 Altera Corporation
Your use of Altera Corporation's design tools, logic functions 
and other software and tools, and its AMPP partner logic 
functions, and any output files from any of the foregoing 
(including device programming or simulation files), and any 
associated documentation or information are expressly subject 
to the terms and conditions of the Altera Program License 
Subscription Agreement, Altera MegaCore Function License 
Agreement, or other applicable license agreement, including, 
without limitation, that your use is for the sole purpose of 
programming logic devices manufactured by Altera and sold by 
Altera or its authorized distributors.  Please refer to the 
applicable agreement for further details.



+--------------------------------------------+
; Simulator Summary                          ;
+-----------------------------+--------------+
; Type                        ; Value        ;
+-----------------------------+--------------+
; Simulation Start Time       ; 0 ps         ;
; Simulation End Time         ; 1.0 us       ;
; Simulation Netlist Size     ; 31 nodes     ;
; Simulation Coverage         ;      29.73 % ;
; Total Number of Transitions ; 39           ;
; Simulation Breakpoints      ; 0            ;
; Family                      ; Cyclone II   ;
; Device                      ; EP2C35F672C6 ;
+-----------------------------+--------------+


+----------------------------------------------------------------------------------------------------------------------------+
; Simulator Settings                                                                                                         ;
+--------------------------------------------------------------------------------------------+---------------+---------------+
; Option                                                                                     ; Setting       ; Default Value ;
+--------------------------------------------------------------------------------------------+---------------+---------------+
; Simulation mode                                                                            ; Timing        ; Timing        ;
; Start time                                                                                 ; 0 ns          ; 0 ns          ;
; Simulation results format                                                                  ; CVWF          ;               ;
; Vector input source                                                                        ; Waveform2.vwf ;               ;
; Add pins automatically to simulation output waveforms                                      ; On            ; On            ;
; Check outputs                                                                              ; Off           ; Off           ;
; Report simulation coverage                                                                 ; On            ; On            ;
; Display complete 1/0 value coverage report                                                 ; On            ; On            ;
; Display missing 1-value coverage report                                                    ; On            ; On            ;
; Display missing 0-value coverage report                                                    ; On            ; On            ;
; Detect setup and hold time violations                                                      ; Off           ; Off           ;
; Detect glitches                                                                            ; Off           ; Off           ;
; Disable timing delays in Timing Simulation                                                 ; Off           ; Off           ;
; Generate Signal Activity File                                                              ; Off           ; Off           ;
; Generate VCD File for PowerPlay Power Analyzer                                             ; Off           ; Off           ;
; Group bus channels in simulation results                                                   ; Off           ; Off           ;
; Preserve fewer signal transitions to reduce memory requirements                            ; On            ; On            ;
; Trigger vector comparison with the specified mode                                          ; INPUT_EDGE    ; INPUT_EDGE    ;
; Disable setup and hold time violations detection in input registers of bi-directional pins ; Off           ; Off           ;
; Overwrite Waveform Inputs With Simulation Outputs                                          ; Off           ;               ;
; Perform Glitch Filtering in Timing Simulation                                              ; Auto          ; Auto          ;
+--------------------------------------------------------------------------------------------+---------------+---------------+


+----------------------+
; Simulation Waveforms ;
+----------------------+
Waveform report data cannot be output to ASCII.
Please use Quartus II to view the waveform report data.


+-------------------------------------------------------------------------------------------------------+
; |StaticRAM|lpm_ram_dp0:inst|altsyncram:altsyncram_component|altsyncram_5fu1:auto_generated|ALTSYNCRAM ;
+-------------------------------------------------------------------------------------------------------+
Please refer to fitter text-based report (*.fit.rpt) to view logical memory report content in ASCII.


+--------------------------------------------------------------------+
; Coverage Summary                                                   ;
+-----------------------------------------------------+--------------+
; Type                                                ; Value        ;
+-----------------------------------------------------+--------------+
; Total coverage as a percentage                      ;      29.73 % ;
; Total nodes checked                                 ; 31           ;
; Total output ports checked                          ; 37           ;
; Total output ports with complete 1/0-value coverage ; 11           ;
; Total output ports with no 1/0-value coverage       ; 26           ;
; Total output ports with no 1-value coverage         ; 26           ;
; Total output ports with no 0-value coverage         ; 26           ;
+-----------------------------------------------------+--------------+


The following table displays output ports that toggle between 1 and 0 during simulation.
+---------------------------------------------------------------------+
; Complete 1/0-Value Coverage                                         ;
+---------------------+----------------------------+------------------+
; Node Name           ; Output Port Name           ; Output Port Type ;
+---------------------+----------------------------+------------------+
; |StaticRAM|wr_en    ; |StaticRAM|wr_en~corein    ; combout          ;
; |StaticRAM|rd_en    ; |StaticRAM|rd_en~corein    ; combout          ;
; |StaticRAM|clk      ; |StaticRAM|clk~corein      ; combout          ;
; |StaticRAM|input[7] ; |StaticRAM|input[7]~corein ; combout          ;
; |StaticRAM|input[6] ; |StaticRAM|input[6]~corein ; combout          ;
; |StaticRAM|input[5] ; |StaticRAM|input[5]~corein ; combout          ;
; |StaticRAM|input[4] ; |StaticRAM|input[4]~corein ; combout          ;
; |StaticRAM|input[3] ; |StaticRAM|input[3]~corein ; combout          ;
; |StaticRAM|input[2] ; |StaticRAM|input[2]~corein ; combout          ;
; |StaticRAM|input[1] ; |StaticRAM|input[1]~corein ; combout          ;
; |StaticRAM|input[0] ; |StaticRAM|input[0]~corein ; combout          ;
+---------------------+----------------------------+------------------+


The following table displays output ports that do not toggle to 1 during simulation.
+--------------------------------------------------------------------------------------------------------------------------------------------------------------------------------------------------------------------------------+
; Missing 1-Value Coverage                                                                                                                                                                                                       ;
+---------------------------------------------------------------------------------------------------------+---------------------------------------------------------------------------------------------------+------------------+
; Node Name                                                                                               ; Output Port Name                                                                                  ; Output Port Type ;
+---------------------------------------------------------------------------------------------------------+---------------------------------------------------------------------------------------------------+------------------+
; |StaticRAM|lpm_ram_dp0:inst|altsyncram:altsyncram_component|altsyncram_5fu1:auto_generated|ram_block1a4 ; |StaticRAM|lpm_ram_dp0:inst|altsyncram:altsyncram_component|altsyncram_5fu1:auto_generated|q_b[4] ; portbdataout0    ;
; |StaticRAM|lpm_ram_dp0:inst|altsyncram:altsyncram_component|altsyncram_5fu1:auto_generated|ram_block1a4 ; |StaticRAM|lpm_ram_dp0:inst|altsyncram:altsyncram_component|altsyncram_5fu1:auto_generated|q_b[5] ; portbdataout1    ;
; |StaticRAM|lpm_ram_dp0:inst|altsyncram:altsyncram_component|altsyncram_5fu1:auto_generated|ram_block1a4 ; |StaticRAM|lpm_ram_dp0:inst|altsyncram:altsyncram_component|altsyncram_5fu1:auto_generated|q_b[6] ; portbdataout2    ;
; |StaticRAM|lpm_ram_dp0:inst|altsyncram:altsyncram_component|altsyncram_5fu1:auto_generated|ram_block1a4 ; |StaticRAM|lpm_ram_dp0:inst|altsyncram:altsyncram_component|altsyncram_5fu1:auto_generated|q_b[7] ; portbdataout3    ;
; |StaticRAM|lpm_ram_dp0:inst|altsyncram:altsyncram_component|altsyncram_5fu1:auto_generated|ram_block1a0 ; |StaticRAM|lpm_ram_dp0:inst|altsyncram:altsyncram_component|altsyncram_5fu1:auto_generated|q_b[0] ; portbdataout0    ;
; |StaticRAM|lpm_ram_dp0:inst|altsyncram:altsyncram_component|altsyncram_5fu1:auto_generated|ram_block1a0 ; |StaticRAM|lpm_ram_dp0:inst|altsyncram:altsyncram_component|altsyncram_5fu1:auto_generated|q_b[1] ; portbdataout1    ;
; |StaticRAM|lpm_ram_dp0:inst|altsyncram:altsyncram_component|altsyncram_5fu1:auto_generated|ram_block1a0 ; |StaticRAM|lpm_ram_dp0:inst|altsyncram:altsyncram_component|altsyncram_5fu1:auto_generated|q_b[2] ; portbdataout2    ;
; |StaticRAM|lpm_ram_dp0:inst|altsyncram:altsyncram_component|altsyncram_5fu1:auto_generated|ram_block1a0 ; |StaticRAM|lpm_ram_dp0:inst|altsyncram:altsyncram_component|altsyncram_5fu1:auto_generated|q_b[3] ; portbdataout3    ;
; |StaticRAM|output[7]                                                                                    ; |StaticRAM|output[7]                                                                              ; padio            ;
; |StaticRAM|output[6]                                                                                    ; |StaticRAM|output[6]                                                                              ; padio            ;
; |StaticRAM|output[5]                                                                                    ; |StaticRAM|output[5]                                                                              ; padio            ;
; |StaticRAM|output[4]                                                                                    ; |StaticRAM|output[4]                                                                              ; padio            ;
; |StaticRAM|output[3]                                                                                    ; |StaticRAM|output[3]                                                                              ; padio            ;
; |StaticRAM|output[2]                                                                                    ; |StaticRAM|output[2]                                                                              ; padio            ;
; |StaticRAM|output[1]                                                                                    ; |StaticRAM|output[1]                                                                              ; padio            ;
; |StaticRAM|output[0]                                                                                    ; |StaticRAM|output[0]                                                                              ; padio            ;
; |StaticRAM|addr[0]                                                                                      ; |StaticRAM|addr[0]~corein                                                                         ; combout          ;
; |StaticRAM|addr[1]                                                                                      ; |StaticRAM|addr[1]~corein                                                                         ; combout          ;
; |StaticRAM|addr[2]                                                                                      ; |StaticRAM|addr[2]~corein                                                                         ; combout          ;
; |StaticRAM|addr[3]                                                                                      ; |StaticRAM|addr[3]~corein                                                                         ; combout          ;
; |StaticRAM|addr[4]                                                                                      ; |StaticRAM|addr[4]~corein                                                                         ; combout          ;
; |StaticRAM|addr[5]                                                                                      ; |StaticRAM|addr[5]~corein                                                                         ; combout          ;
; |StaticRAM|addr[6]                                                                                      ; |StaticRAM|addr[6]~corein                                                                         ; combout          ;
; |StaticRAM|addr[7]                                                                                      ; |StaticRAM|addr[7]~corein                                                                         ; combout          ;
; |StaticRAM|addr[8]                                                                                      ; |StaticRAM|addr[8]~corein                                                                         ; combout          ;
; |StaticRAM|addr[9]                                                                                      ; |StaticRAM|addr[9]~corein                                                                         ; combout          ;
+---------------------------------------------------------------------------------------------------------+---------------------------------------------------------------------------------------------------+------------------+


The following table displays output ports that do not toggle to 0 during simulation.
+--------------------------------------------------------------------------------------------------------------------------------------------------------------------------------------------------------------------------------+
; Missing 0-Value Coverage                                                                                                                                                                                                       ;
+---------------------------------------------------------------------------------------------------------+---------------------------------------------------------------------------------------------------+------------------+
; Node Name                                                                                               ; Output Port Name                                                                                  ; Output Port Type ;
+---------------------------------------------------------------------------------------------------------+---------------------------------------------------------------------------------------------------+------------------+
; |StaticRAM|lpm_ram_dp0:inst|altsyncram:altsyncram_component|altsyncram_5fu1:auto_generated|ram_block1a4 ; |StaticRAM|lpm_ram_dp0:inst|altsyncram:altsyncram_component|altsyncram_5fu1:auto_generated|q_b[4] ; portbdataout0    ;
; |StaticRAM|lpm_ram_dp0:inst|altsyncram:altsyncram_component|altsyncram_5fu1:auto_generated|ram_block1a4 ; |StaticRAM|lpm_ram_dp0:inst|altsyncram:altsyncram_component|altsyncram_5fu1:auto_generated|q_b[5] ; portbdataout1    ;
; |StaticRAM|lpm_ram_dp0:inst|altsyncram:altsyncram_component|altsyncram_5fu1:auto_generated|ram_block1a4 ; |StaticRAM|lpm_ram_dp0:inst|altsyncram:altsyncram_component|altsyncram_5fu1:auto_generated|q_b[6] ; portbdataout2    ;
; |StaticRAM|lpm_ram_dp0:inst|altsyncram:altsyncram_component|altsyncram_5fu1:auto_generated|ram_block1a4 ; |StaticRAM|lpm_ram_dp0:inst|altsyncram:altsyncram_component|altsyncram_5fu1:auto_generated|q_b[7] ; portbdataout3    ;
; |StaticRAM|lpm_ram_dp0:inst|altsyncram:altsyncram_component|altsyncram_5fu1:auto_generated|ram_block1a0 ; |StaticRAM|lpm_ram_dp0:inst|altsyncram:altsyncram_component|altsyncram_5fu1:auto_generated|q_b[0] ; portbdataout0    ;
; |StaticRAM|lpm_ram_dp0:inst|altsyncram:altsyncram_component|altsyncram_5fu1:auto_generated|ram_block1a0 ; |StaticRAM|lpm_ram_dp0:inst|altsyncram:altsyncram_component|altsyncram_5fu1:auto_generated|q_b[1] ; portbdataout1    ;
; |StaticRAM|lpm_ram_dp0:inst|altsyncram:altsyncram_component|altsyncram_5fu1:auto_generated|ram_block1a0 ; |StaticRAM|lpm_ram_dp0:inst|altsyncram:altsyncram_component|altsyncram_5fu1:auto_generated|q_b[2] ; portbdataout2    ;
; |StaticRAM|lpm_ram_dp0:inst|altsyncram:altsyncram_component|altsyncram_5fu1:auto_generated|ram_block1a0 ; |StaticRAM|lpm_ram_dp0:inst|altsyncram:altsyncram_component|altsyncram_5fu1:auto_generated|q_b[3] ; portbdataout3    ;
; |StaticRAM|output[7]                                                                                    ; |StaticRAM|output[7]                                                                              ; padio            ;
; |StaticRAM|output[6]                                                                                    ; |StaticRAM|output[6]                                                                              ; padio            ;
; |StaticRAM|output[5]                                                                                    ; |StaticRAM|output[5]                                                                              ; padio            ;
; |StaticRAM|output[4]                                                                                    ; |StaticRAM|output[4]                                                                              ; padio            ;
; |StaticRAM|output[3]                                                                                    ; |StaticRAM|output[3]                                                                              ; padio            ;
; |StaticRAM|output[2]                                                                                    ; |StaticRAM|output[2]                                                                              ; padio            ;
; |StaticRAM|output[1]                                                                                    ; |StaticRAM|output[1]                                                                              ; padio            ;
; |StaticRAM|output[0]                                                                                    ; |StaticRAM|output[0]                                                                              ; padio            ;
; |StaticRAM|addr[0]                                                                                      ; |StaticRAM|addr[0]~corein                                                                         ; combout          ;
; |StaticRAM|addr[1]                                                                                      ; |StaticRAM|addr[1]~corein                                                                         ; combout          ;
; |StaticRAM|addr[2]                                                                                      ; |StaticRAM|addr[2]~corein                                                                         ; combout          ;
; |StaticRAM|addr[3]                                                                                      ; |StaticRAM|addr[3]~corein                                                                         ; combout          ;
; |StaticRAM|addr[4]                                                                                      ; |StaticRAM|addr[4]~corein                                                                         ; combout          ;
; |StaticRAM|addr[5]                                                                                      ; |StaticRAM|addr[5]~corein                                                                         ; combout          ;
; |StaticRAM|addr[6]                                                                                      ; |StaticRAM|addr[6]~corein                                                                         ; combout          ;
; |StaticRAM|addr[7]                                                                                      ; |StaticRAM|addr[7]~corein                                                                         ; combout          ;
; |StaticRAM|addr[8]                                                                                      ; |StaticRAM|addr[8]~corein                                                                         ; combout          ;
; |StaticRAM|addr[9]                                                                                      ; |StaticRAM|addr[9]~corein                                                                         ; combout          ;
+---------------------------------------------------------------------------------------------------------+---------------------------------------------------------------------------------------------------+------------------+


+---------------------+
; Simulator INI Usage ;
+--------+------------+
; Option ; Usage      ;
+--------+------------+


+--------------------+
; Simulator Messages ;
+--------------------+
Info: *******************************************************************
Info: Running Quartus II Simulator
    Info: Version 9.1 Build 222 10/21/2009 SJ Web Edition
    Info: Processing started: Sat Mar 20 10:46:34 2010
Info: Command: quartus_sim --read_settings_files=on --write_settings_files=off StaticRAM -c StaticRAM
Info: Using vector source file "C:/Documents and Settings/carlos.lazo/Desktop/ELDP/UNIV/Classes/ECE 574 - Verilog Modeling and Synthesis/Homework/HW5/Pt1/Waveform2.vwf"
Info: Option to preserve fewer signal transitions to reduce memory requirements is enabled
    Info: Simulation has been partitioned into sub-simulations according to the maximum transition count determined by the engine. Transitions from memory will be flushed out to disk at the end of each sub-simulation to reduce memory requirements.
Info: Simulation partitioned into 1 sub-simulations
Info: Simulation coverage is      29.73 %
Info: Number of transitions in simulation is 39
Info: Quartus II Simulator was successful. 0 errors, 0 warnings
    Info: Peak virtual memory: 114 megabytes
    Info: Processing ended: Sat Mar 20 10:46:36 2010
    Info: Elapsed time: 00:00:02
    Info: Total CPU time (on all processors): 00:00:01


